[INFO]2025-08-07 18:05:39,415 - Starting SpringBootSchoolApplication using Java 17.0.7 with PID 28552 (C:\Users\ShiRyant\IdeaProjects\SpringBoot-School\target\classes started by ShiRyant in C:\Users\ShiRyant\IdeaProjects\SpringBoot-School)
[INFO]2025-08-07 18:05:39,416 - No active profile set, falling back to 1 default profile: "default"
[INFO]2025-08-07 18:05:39,451 - Devtools property defaults active! Set 'spring.devtools.add-properties' to 'false' to disable
[INFO]2025-08-07 18:05:39,451 - For additional web related logging consider setting the 'logging.level.web' property to 'DEBUG'
[INFO]2025-08-07 18:05:40,074 - Multiple Spring Data modules found, entering strict repository configuration mode
[INFO]2025-08-07 18:05:40,075 - Bootstrapping Spring Data Redis repositories in DEFAULT mode.
[INFO]2025-08-07 18:05:40,108 - Finished Spring Data repository scanning in 12 ms. Found 0 Redis repository interfaces.
[INFO]2025-08-07 18:05:40,553 - Tomcat initialized with port 8080 (http)
[INFO]2025-08-07 18:05:40,566 - Initializing ProtocolHandler ["http-nio-8080"]
[INFO]2025-08-07 18:05:40,567 - Starting service [Tomcat]
[INFO]2025-08-07 18:05:40,567 - Starting Servlet engine: [Apache Tomcat/10.1.43]
[INFO]2025-08-07 18:05:40,622 - Initializing Spring embedded WebApplicationContext
[INFO]2025-08-07 18:05:40,622 - Root WebApplicationContext: initialization completed in 1171 ms
[WARN]2025-08-07 18:05:41,063 - Exception encountered during context initialization - cancelling refresh attempt: org.springframework.beans.factory.UnsatisfiedDependencyException: Error creating bean with name 'courseServiceImpl': Unsatisfied dependency expressed through field 'baseMapper': Error creating bean with name 'courseMapper' defined in file [C:\Users\ShiRyant\IdeaProjects\SpringBoot-School\target\classes\gene\recombine\school\mapper\CourseMapper.class]: Property 'sqlSessionFactory' or 'sqlSessionTemplate' are required
[INFO]2025-08-07 18:05:41,076 - Stopping service [Tomcat]
[ERROR]2025-08-07 18:05:41,113 - Application run failed
org.springframework.beans.factory.UnsatisfiedDependencyException: Error creating bean with name 'courseServiceImpl': Unsatisfied dependency expressed through field 'baseMapper': Error creating bean with name 'courseMapper' defined in file [C:\Users\ShiRyant\IdeaProjects\SpringBoot-School\target\classes\gene\recombine\school\mapper\CourseMapper.class]: Property 'sqlSessionFactory' or 'sqlSessionTemplate' are required
	at org.springframework.beans.factory.annotation.AutowiredAnnotationBeanPostProcessor$AutowiredFieldElement.resolveFieldValue(AutowiredAnnotationBeanPostProcessor.java:788)
	at org.springframework.beans.factory.annotation.AutowiredAnnotationBeanPostProcessor$AutowiredFieldElement.inject(AutowiredAnnotationBeanPostProcessor.java:768)
	at org.springframework.beans.factory.annotation.InjectionMetadata.inject(InjectionMetadata.java:146)
	at org.springframework.beans.factory.annotation.AutowiredAnnotationBeanPostProcessor.postProcessProperties(AutowiredAnnotationBeanPostProcessor.java:509)
	at org.springframework.beans.factory.support.AbstractAutowireCapableBeanFactory.populateBean(AbstractAutowireCapableBeanFactory.java:1459)
	at org.springframework.beans.factory.support.AbstractAutowireCapableBeanFactory.doCreateBean(AbstractAutowireCapableBeanFactory.java:606)
	at org.springframework.beans.factory.support.AbstractAutowireCapableBeanFactory.createBean(AbstractAutowireCapableBeanFactory.java:529)
	at org.springframework.beans.factory.support.AbstractBeanFactory.lambda$doGetBean$0(AbstractBeanFactory.java:339)
	at org.springframework.beans.factory.support.DefaultSingletonBeanRegistry.getSingleton(DefaultSingletonBeanRegistry.java:373)
	at org.springframework.beans.factory.support.AbstractBeanFactory.doGetBean(AbstractBeanFactory.java:337)
	at org.springframework.beans.factory.support.AbstractBeanFactory.getBean(AbstractBeanFactory.java:202)
	at org.springframework.beans.factory.support.DefaultListableBeanFactory.instantiateSingleton(DefaultListableBeanFactory.java:1222)
	at org.springframework.beans.factory.support.DefaultListableBeanFactory.preInstantiateSingleton(DefaultListableBeanFactory.java:1188)
	at org.springframework.beans.factory.support.DefaultListableBeanFactory.preInstantiateSingletons(DefaultListableBeanFactory.java:1123)
	at org.springframework.context.support.AbstractApplicationContext.finishBeanFactoryInitialization(AbstractApplicationContext.java:987)
	at org.springframework.context.support.AbstractApplicationContext.refresh(AbstractApplicationContext.java:627)
	at org.springframework.boot.web.servlet.context.ServletWebServerApplicationContext.refresh(ServletWebServerApplicationContext.java:146)
	at org.springframework.boot.SpringApplication.refresh(SpringApplication.java:752)
	at org.springframework.boot.SpringApplication.refreshContext(SpringApplication.java:439)
	at org.springframework.boot.SpringApplication.run(SpringApplication.java:318)
	at org.springframework.boot.SpringApplication.run(SpringApplication.java:1361)
	at org.springframework.boot.SpringApplication.run(SpringApplication.java:1350)
	at gene.recombine.school.SpringBootSchoolApplication.main(SpringBootSchoolApplication.java:11)
	at java.base/jdk.internal.reflect.NativeMethodAccessorImpl.invoke0(Native Method)
	at java.base/jdk.internal.reflect.NativeMethodAccessorImpl.invoke(NativeMethodAccessorImpl.java:77)
	at java.base/jdk.internal.reflect.DelegatingMethodAccessorImpl.invoke(DelegatingMethodAccessorImpl.java:43)
	at java.base/java.lang.reflect.Method.invoke(Method.java:568)
	at org.springframework.boot.devtools.restart.RestartLauncher.run(RestartLauncher.java:50)
Caused by: org.springframework.beans.factory.BeanCreationException: Error creating bean with name 'courseMapper' defined in file [C:\Users\ShiRyant\IdeaProjects\SpringBoot-School\target\classes\gene\recombine\school\mapper\CourseMapper.class]: Property 'sqlSessionFactory' or 'sqlSessionTemplate' are required
	at org.springframework.beans.factory.support.AbstractAutowireCapableBeanFactory.initializeBean(AbstractAutowireCapableBeanFactory.java:1826)
	at org.springframework.beans.factory.support.AbstractAutowireCapableBeanFactory.doCreateBean(AbstractAutowireCapableBeanFactory.java:607)
	at org.springframework.beans.factory.support.AbstractAutowireCapableBeanFactory.createBean(AbstractAutowireCapableBeanFactory.java:529)
	at org.springframework.beans.factory.support.AbstractBeanFactory.lambda$doGetBean$0(AbstractBeanFactory.java:339)
	at org.springframework.beans.factory.support.DefaultSingletonBeanRegistry.getSingleton(DefaultSingletonBeanRegistry.java:373)
	at org.springframework.beans.factory.support.AbstractBeanFactory.doGetBean(AbstractBeanFactory.java:337)
	at org.springframework.beans.factory.support.AbstractBeanFactory.getBean(AbstractBeanFactory.java:202)
	at org.springframework.beans.factory.config.DependencyDescriptor.resolveCandidate(DependencyDescriptor.java:254)
	at org.springframework.beans.factory.support.DefaultListableBeanFactory.doResolveDependency(DefaultListableBeanFactory.java:1745)
	at org.springframework.beans.factory.support.DefaultListableBeanFactory.resolveDependency(DefaultListableBeanFactory.java:1628)
	at org.springframework.beans.factory.annotation.AutowiredAnnotationBeanPostProcessor$AutowiredFieldElement.resolveFieldValue(AutowiredAnnotationBeanPostProcessor.java:785)
	... 27 common frames omitted
Caused by: java.lang.IllegalArgumentException: Property 'sqlSessionFactory' or 'sqlSessionTemplate' are required
	at org.springframework.util.Assert.notNull(Assert.java:181)
	at org.mybatis.spring.support.SqlSessionDaoSupport.checkDaoConfig(SqlSessionDaoSupport.java:122)
	at org.mybatis.spring.mapper.MapperFactoryBean.checkDaoConfig(MapperFactoryBean.java:69)
	at org.springframework.dao.support.DaoSupport.afterPropertiesSet(DaoSupport.java:44)
	at org.springframework.beans.factory.support.AbstractAutowireCapableBeanFactory.invokeInitMethods(AbstractAutowireCapableBeanFactory.java:1873)
	at org.springframework.beans.factory.support.AbstractAutowireCapableBeanFactory.initializeBean(AbstractAutowireCapableBeanFactory.java:1822)
	... 37 common frames omitted
[INFO]2025-08-07 18:06:28,227 - Starting SpringBootSchoolApplication using Java 17.0.7 with PID 29400 (C:\Users\ShiRyant\IdeaProjects\SpringBoot-School\target\classes started by ShiRyant in C:\Users\ShiRyant\IdeaProjects\SpringBoot-School)
[INFO]2025-08-07 18:06:28,228 - No active profile set, falling back to 1 default profile: "default"
[INFO]2025-08-07 18:06:28,258 - Devtools property defaults active! Set 'spring.devtools.add-properties' to 'false' to disable
[INFO]2025-08-07 18:06:28,258 - For additional web related logging consider setting the 'logging.level.web' property to 'DEBUG'
[INFO]2025-08-07 18:06:28,802 - Multiple Spring Data modules found, entering strict repository configuration mode
[INFO]2025-08-07 18:06:28,804 - Bootstrapping Spring Data Redis repositories in DEFAULT mode.
[INFO]2025-08-07 18:06:28,834 - Finished Spring Data repository scanning in 11 ms. Found 0 Redis repository interfaces.
[INFO]2025-08-07 18:06:29,295 - Tomcat initialized with port 8080 (http)
[INFO]2025-08-07 18:06:29,306 - Initializing ProtocolHandler ["http-nio-8080"]
[INFO]2025-08-07 18:06:29,307 - Starting service [Tomcat]
[INFO]2025-08-07 18:06:29,307 - Starting Servlet engine: [Apache Tomcat/10.1.43]
[INFO]2025-08-07 18:06:29,358 - Initializing Spring embedded WebApplicationContext
[INFO]2025-08-07 18:06:29,359 - Root WebApplicationContext: initialization completed in 1100 ms
[INFO]2025-08-07 18:06:30,313 - Register ApplicationContext instances org.springframework.boot.web.servlet.context.AnnotationConfigServletWebServerApplicationContext@36eddfe3
[INFO]2025-08-07 18:06:30,441 - LiveReload server is running on port 35729
[INFO]2025-08-07 18:06:30,464 - Starting ProtocolHandler ["http-nio-8080"]
[INFO]2025-08-07 18:06:30,478 - Tomcat started on port 8080 (http) with context path '/'
[INFO]2025-08-07 18:06:30,490 - Started SpringBootSchoolApplication in 2.651 seconds (process running for 3.122)
[INFO]2025-08-07 18:07:35,011 - Commencing graceful shutdown. Waiting for active requests to complete
[INFO]2025-08-07 18:07:35,164 - Graceful shutdown complete
[INFO]2025-08-07 18:07:42,441 - Starting SpringBootSchoolApplication using Java 17.0.7 with PID 26988 (C:\Users\ShiRyant\IdeaProjects\SpringBoot-School\target\classes started by ShiRyant in C:\Users\ShiRyant\IdeaProjects\SpringBoot-School)
[INFO]2025-08-07 18:07:42,443 - No active profile set, falling back to 1 default profile: "default"
[INFO]2025-08-07 18:07:42,473 - Devtools property defaults active! Set 'spring.devtools.add-properties' to 'false' to disable
[INFO]2025-08-07 18:07:42,473 - For additional web related logging consider setting the 'logging.level.web' property to 'DEBUG'
[INFO]2025-08-07 18:07:43,039 - Multiple Spring Data modules found, entering strict repository configuration mode
[INFO]2025-08-07 18:07:43,041 - Bootstrapping Spring Data Redis repositories in DEFAULT mode.
[INFO]2025-08-07 18:07:43,072 - Finished Spring Data repository scanning in 11 ms. Found 0 Redis repository interfaces.
[INFO]2025-08-07 18:07:43,546 - Tomcat initialized with port 8080 (http)
[INFO]2025-08-07 18:07:43,556 - Initializing ProtocolHandler ["http-nio-8080"]
[INFO]2025-08-07 18:07:43,557 - Starting service [Tomcat]
[INFO]2025-08-07 18:07:43,558 - Starting Servlet engine: [Apache Tomcat/10.1.43]
[INFO]2025-08-07 18:07:43,605 - Initializing Spring embedded WebApplicationContext
[INFO]2025-08-07 18:07:43,606 - Root WebApplicationContext: initialization completed in 1133 ms
[INFO]2025-08-07 18:07:44,563 - Register ApplicationContext instances org.springframework.boot.web.servlet.context.AnnotationConfigServletWebServerApplicationContext@36eddfe3
[INFO]2025-08-07 18:07:44,702 - LiveReload server is running on port 35729
[INFO]2025-08-07 18:07:44,724 - Starting ProtocolHandler ["http-nio-8080"]
[INFO]2025-08-07 18:07:44,743 - Tomcat started on port 8080 (http) with context path '/'
[INFO]2025-08-07 18:07:44,755 - Started SpringBootSchoolApplication in 2.697 seconds (process running for 3.155)
[INFO]2025-08-07 18:08:20,330 - Initializing Spring DispatcherServlet 'dispatcherServlet'
[INFO]2025-08-07 18:08:20,330 - Initializing Servlet 'dispatcherServlet'
[INFO]2025-08-07 18:08:20,332 - Completed initialization in 2 ms
[WARN]2025-08-07 18:08:21,768 - Resolved [org.springframework.web.servlet.resource.NoResourceFoundException: No static resource favicon.ico.]
[WARN]2025-08-07 18:08:25,151 - Resolved [org.springframework.web.servlet.resource.NoResourceFoundException: No static resource .]
[WARN]2025-08-07 18:08:28,437 - Resolved [org.springframework.web.servlet.resource.NoResourceFoundException: No static resource favicon.ico.]
[INFO]2025-08-07 18:21:23,742 - Restarting due to 7 class path changes (0 additions, 7 deletions, 0 modifications)
[INFO]2025-08-07 18:21:23,749 - Commencing graceful shutdown. Waiting for active requests to complete
[INFO]2025-08-07 18:21:23,749 - Pausing ProtocolHandler ["http-nio-8080"]
[INFO]2025-08-07 18:21:23,978 - Graceful shutdown complete
[INFO]2025-08-07 18:21:23,978 - Stopping ProtocolHandler ["http-nio-8080"]
[INFO]2025-08-07 18:21:24,050 - Starting SpringBootSchoolApplication using Java 17.0.7 with PID 26988 (C:\Users\ShiRyant\IdeaProjects\SpringBoot-School\target\classes started by ShiRyant in C:\Users\ShiRyant\IdeaProjects\SpringBoot-School)
[INFO]2025-08-07 18:21:24,050 - No active profile set, falling back to 1 default profile: "default"
[INFO]2025-08-07 18:21:24,215 - Multiple Spring Data modules found, entering strict repository configuration mode
[INFO]2025-08-07 18:21:24,215 - Bootstrapping Spring Data Redis repositories in DEFAULT mode.
[INFO]2025-08-07 18:21:24,221 - Finished Spring Data repository scanning in 6 ms. Found 0 Redis repository interfaces.
[INFO]2025-08-07 18:21:24,299 - Tomcat initialized with port 8080 (http)
[INFO]2025-08-07 18:21:24,299 - Initializing ProtocolHandler ["http-nio-8080"]
[INFO]2025-08-07 18:21:24,299 - Starting service [Tomcat]
[INFO]2025-08-07 18:21:24,299 - Starting Servlet engine: [Apache Tomcat/10.1.43]
[INFO]2025-08-07 18:21:24,327 - Initializing Spring embedded WebApplicationContext
[INFO]2025-08-07 18:21:24,327 - Root WebApplicationContext: initialization completed in 275 ms
[INFO]2025-08-07 18:21:24,589 - Register ApplicationContext instances org.springframework.boot.web.servlet.context.AnnotationConfigServletWebServerApplicationContext@559f8c85
[INFO]2025-08-07 18:21:24,621 - LiveReload server is running on port 35729
[INFO]2025-08-07 18:21:24,697 - Starting ProtocolHandler ["http-nio-8080"]
[INFO]2025-08-07 18:21:24,700 - Tomcat started on port 8080 (http) with context path '/'
[INFO]2025-08-07 18:21:24,706 - Started SpringBootSchoolApplication in 0.682 seconds (process running for 823.108)
[INFO]2025-08-07 18:21:24,708 - Condition evaluation unchanged
[INFO]2025-08-07 18:21:26,104 - Restarting due to 7 class path changes (7 additions, 0 deletions, 0 modifications)
[INFO]2025-08-07 18:21:26,105 - Commencing graceful shutdown. Waiting for active requests to complete
[INFO]2025-08-07 18:21:26,106 - Pausing ProtocolHandler ["http-nio-8080"]
[INFO]2025-08-07 18:21:26,385 - Graceful shutdown complete
[INFO]2025-08-07 18:21:26,385 - Stopping ProtocolHandler ["http-nio-8080"]
[INFO]2025-08-07 18:21:26,466 - Starting SpringBootSchoolApplication using Java 17.0.7 with PID 26988 (C:\Users\ShiRyant\IdeaProjects\SpringBoot-School\target\classes started by ShiRyant in C:\Users\ShiRyant\IdeaProjects\SpringBoot-School)
[INFO]2025-08-07 18:21:26,466 - No active profile set, falling back to 1 default profile: "default"
[INFO]2025-08-07 18:21:26,659 - Multiple Spring Data modules found, entering strict repository configuration mode
[INFO]2025-08-07 18:21:26,659 - Bootstrapping Spring Data Redis repositories in DEFAULT mode.
[INFO]2025-08-07 18:21:26,670 - Finished Spring Data repository scanning in 9 ms. Found 0 Redis repository interfaces.
[INFO]2025-08-07 18:21:26,731 - Tomcat initialized with port 8080 (http)
[INFO]2025-08-07 18:21:26,732 - Initializing ProtocolHandler ["http-nio-8080"]
[INFO]2025-08-07 18:21:26,732 - Starting service [Tomcat]
[INFO]2025-08-07 18:21:26,732 - Starting Servlet engine: [Apache Tomcat/10.1.43]
[INFO]2025-08-07 18:21:26,760 - Initializing Spring embedded WebApplicationContext
[INFO]2025-08-07 18:21:26,761 - Root WebApplicationContext: initialization completed in 293 ms
[INFO]2025-08-07 18:21:27,087 - Register ApplicationContext instances org.springframework.boot.web.servlet.context.AnnotationConfigServletWebServerApplicationContext@796dd1ca
[INFO]2025-08-07 18:21:27,108 - LiveReload server is running on port 35729
[INFO]2025-08-07 18:21:27,120 - Starting ProtocolHandler ["http-nio-8080"]
[INFO]2025-08-07 18:21:27,122 - Tomcat started on port 8080 (http) with context path '/'
[INFO]2025-08-07 18:21:27,130 - Started SpringBootSchoolApplication in 0.703 seconds (process running for 825.531)
[INFO]2025-08-07 18:21:27,130 - Condition evaluation unchanged
[INFO]2025-08-07 18:23:49,152 - Restarting due to 1 class path change (1 addition, 0 deletions, 0 modifications)
[INFO]2025-08-07 18:23:49,154 - Commencing graceful shutdown. Waiting for active requests to complete
[INFO]2025-08-07 18:23:49,154 - Pausing ProtocolHandler ["http-nio-8080"]
[INFO]2025-08-07 18:23:49,343 - Graceful shutdown complete
[INFO]2025-08-07 18:23:49,344 - Stopping ProtocolHandler ["http-nio-8080"]
[INFO]2025-08-07 18:23:49,394 - Starting SpringBootSchoolApplication using Java 17.0.7 with PID 26988 (C:\Users\ShiRyant\IdeaProjects\SpringBoot-School\target\classes started by ShiRyant in C:\Users\ShiRyant\IdeaProjects\SpringBoot-School)
[INFO]2025-08-07 18:23:49,394 - No active profile set, falling back to 1 default profile: "default"
[INFO]2025-08-07 18:23:49,522 - Multiple Spring Data modules found, entering strict repository configuration mode
[INFO]2025-08-07 18:23:49,522 - Bootstrapping Spring Data Redis repositories in DEFAULT mode.
[INFO]2025-08-07 18:23:49,530 - Finished Spring Data repository scanning in 6 ms. Found 0 Redis repository interfaces.
[INFO]2025-08-07 18:23:49,580 - Tomcat initialized with port 8080 (http)
[INFO]2025-08-07 18:23:49,580 - Initializing ProtocolHandler ["http-nio-8080"]
[INFO]2025-08-07 18:23:49,580 - Starting service [Tomcat]
[INFO]2025-08-07 18:23:49,580 - Starting Servlet engine: [Apache Tomcat/10.1.43]
[INFO]2025-08-07 18:23:49,602 - Initializing Spring embedded WebApplicationContext
[INFO]2025-08-07 18:23:49,602 - Root WebApplicationContext: initialization completed in 206 ms
[INFO]2025-08-07 18:23:49,909 - Register ApplicationContext instances org.springframework.boot.web.servlet.context.AnnotationConfigServletWebServerApplicationContext@60766901
[INFO]2025-08-07 18:23:49,931 - LiveReload server is running on port 35729
[INFO]2025-08-07 18:23:49,943 - Starting ProtocolHandler ["http-nio-8080"]
[INFO]2025-08-07 18:23:49,945 - Tomcat started on port 8080 (http) with context path '/'
[INFO]2025-08-07 18:23:49,950 - Started SpringBootSchoolApplication in 0.579 seconds (process running for 968.351)
[INFO]2025-08-07 18:23:49,951 - Condition evaluation unchanged
[INFO]2025-08-07 18:25:10,241 - Restarting due to 1 class path change (0 additions, 1 deletion, 0 modifications)
[INFO]2025-08-07 18:25:10,242 - Commencing graceful shutdown. Waiting for active requests to complete
[INFO]2025-08-07 18:25:10,242 - Pausing ProtocolHandler ["http-nio-8080"]
[INFO]2025-08-07 18:25:10,463 - Graceful shutdown complete
[INFO]2025-08-07 18:25:10,463 - Stopping ProtocolHandler ["http-nio-8080"]
[INFO]2025-08-07 18:25:10,520 - Starting SpringBootSchoolApplication using Java 17.0.7 with PID 26988 (C:\Users\ShiRyant\IdeaProjects\SpringBoot-School\target\classes started by ShiRyant in C:\Users\ShiRyant\IdeaProjects\SpringBoot-School)
[INFO]2025-08-07 18:25:10,521 - No active profile set, falling back to 1 default profile: "default"
[INFO]2025-08-07 18:25:10,682 - Multiple Spring Data modules found, entering strict repository configuration mode
[INFO]2025-08-07 18:25:10,682 - Bootstrapping Spring Data Redis repositories in DEFAULT mode.
[INFO]2025-08-07 18:25:10,693 - Finished Spring Data repository scanning in 9 ms. Found 0 Redis repository interfaces.
[INFO]2025-08-07 18:25:10,838 - Tomcat initialized with port 8080 (http)
[INFO]2025-08-07 18:25:10,838 - Initializing ProtocolHandler ["http-nio-8080"]
[INFO]2025-08-07 18:25:10,838 - Starting service [Tomcat]
[INFO]2025-08-07 18:25:10,838 - Starting Servlet engine: [Apache Tomcat/10.1.43]
[INFO]2025-08-07 18:25:10,864 - Initializing Spring embedded WebApplicationContext
[INFO]2025-08-07 18:25:10,864 - Root WebApplicationContext: initialization completed in 342 ms
[INFO]2025-08-07 18:25:11,175 - Register ApplicationContext instances org.springframework.boot.web.servlet.context.AnnotationConfigServletWebServerApplicationContext@485526bf
[INFO]2025-08-07 18:25:11,199 - LiveReload server is running on port 35729
[INFO]2025-08-07 18:25:11,211 - Starting ProtocolHandler ["http-nio-8080"]
[INFO]2025-08-07 18:25:11,214 - Tomcat started on port 8080 (http) with context path '/'
[INFO]2025-08-07 18:25:11,219 - Started SpringBootSchoolApplication in 0.725 seconds (process running for 1049.62)
[INFO]2025-08-07 18:25:11,220 - Condition evaluation unchanged
[INFO]2025-08-07 18:25:12,645 - Restarting due to 1 class path change (1 addition, 0 deletions, 0 modifications)
[INFO]2025-08-07 18:25:12,645 - Commencing graceful shutdown. Waiting for active requests to complete
[INFO]2025-08-07 18:25:12,645 - Pausing ProtocolHandler ["http-nio-8080"]
[INFO]2025-08-07 18:25:12,855 - Graceful shutdown complete
[INFO]2025-08-07 18:25:12,856 - Stopping ProtocolHandler ["http-nio-8080"]
[INFO]2025-08-07 18:25:12,908 - Starting SpringBootSchoolApplication using Java 17.0.7 with PID 26988 (C:\Users\ShiRyant\IdeaProjects\SpringBoot-School\target\classes started by ShiRyant in C:\Users\ShiRyant\IdeaProjects\SpringBoot-School)
[INFO]2025-08-07 18:25:12,908 - No active profile set, falling back to 1 default profile: "default"
[INFO]2025-08-07 18:25:13,045 - Multiple Spring Data modules found, entering strict repository configuration mode
[INFO]2025-08-07 18:25:13,045 - Bootstrapping Spring Data Redis repositories in DEFAULT mode.
[INFO]2025-08-07 18:25:13,055 - Finished Spring Data repository scanning in 8 ms. Found 0 Redis repository interfaces.
[INFO]2025-08-07 18:25:13,112 - Tomcat initialized with port 8080 (http)
[INFO]2025-08-07 18:25:13,112 - Initializing ProtocolHandler ["http-nio-8080"]
[INFO]2025-08-07 18:25:13,112 - Starting service [Tomcat]
[INFO]2025-08-07 18:25:13,112 - Starting Servlet engine: [Apache Tomcat/10.1.43]
[INFO]2025-08-07 18:25:13,137 - Initializing Spring embedded WebApplicationContext
[INFO]2025-08-07 18:25:13,137 - Root WebApplicationContext: initialization completed in 228 ms
[INFO]2025-08-07 18:25:13,427 - Register ApplicationContext instances org.springframework.boot.web.servlet.context.AnnotationConfigServletWebServerApplicationContext@1464bcde
[INFO]2025-08-07 18:25:13,448 - LiveReload server is running on port 35729
[INFO]2025-08-07 18:25:13,460 - Starting ProtocolHandler ["http-nio-8080"]
[INFO]2025-08-07 18:25:13,463 - Tomcat started on port 8080 (http) with context path '/'
[INFO]2025-08-07 18:25:13,468 - Started SpringBootSchoolApplication in 0.581 seconds (process running for 1051.869)
[INFO]2025-08-07 18:25:13,469 - Condition evaluation unchanged
[INFO]2025-08-07 18:25:44,238 - Restarting due to 1 class path change (0 additions, 1 deletion, 0 modifications)
[INFO]2025-08-07 18:25:44,239 - Commencing graceful shutdown. Waiting for active requests to complete
[INFO]2025-08-07 18:25:44,240 - Pausing ProtocolHandler ["http-nio-8080"]
[INFO]2025-08-07 18:25:44,474 - Graceful shutdown complete
[INFO]2025-08-07 18:25:44,474 - Stopping ProtocolHandler ["http-nio-8080"]
[INFO]2025-08-07 18:25:44,544 - Starting SpringBootSchoolApplication using Java 17.0.7 with PID 26988 (C:\Users\ShiRyant\IdeaProjects\SpringBoot-School\target\classes started by ShiRyant in C:\Users\ShiRyant\IdeaProjects\SpringBoot-School)
[INFO]2025-08-07 18:25:44,544 - No active profile set, falling back to 1 default profile: "default"
[INFO]2025-08-07 18:25:44,718 - Multiple Spring Data modules found, entering strict repository configuration mode
[INFO]2025-08-07 18:25:44,720 - Bootstrapping Spring Data Redis repositories in DEFAULT mode.
[INFO]2025-08-07 18:25:44,732 - Finished Spring Data repository scanning in 12 ms. Found 0 Redis repository interfaces.
[INFO]2025-08-07 18:25:44,801 - Tomcat initialized with port 8080 (http)
[INFO]2025-08-07 18:25:44,803 - Initializing ProtocolHandler ["http-nio-8080"]
[INFO]2025-08-07 18:25:44,803 - Starting service [Tomcat]
[INFO]2025-08-07 18:25:44,803 - Starting Servlet engine: [Apache Tomcat/10.1.43]
[INFO]2025-08-07 18:25:44,833 - Initializing Spring embedded WebApplicationContext
[INFO]2025-08-07 18:25:44,833 - Root WebApplicationContext: initialization completed in 287 ms
[INFO]2025-08-07 18:25:45,140 - Register ApplicationContext instances org.springframework.boot.web.servlet.context.AnnotationConfigServletWebServerApplicationContext@795f9880
[INFO]2025-08-07 18:25:45,160 - LiveReload server is running on port 35729
[INFO]2025-08-07 18:25:45,174 - Starting ProtocolHandler ["http-nio-8080"]
[INFO]2025-08-07 18:25:45,178 - Tomcat started on port 8080 (http) with context path '/'
[INFO]2025-08-07 18:25:45,182 - Started SpringBootSchoolApplication in 0.664 seconds (process running for 1083.584)
[INFO]2025-08-07 18:25:45,183 - Condition evaluation unchanged
[INFO]2025-08-07 18:25:46,638 - Restarting due to 1 class path change (1 addition, 0 deletions, 0 modifications)
[INFO]2025-08-07 18:25:46,639 - Commencing graceful shutdown. Waiting for active requests to complete
[INFO]2025-08-07 18:25:46,639 - Pausing ProtocolHandler ["http-nio-8080"]
[INFO]2025-08-07 18:25:46,838 - Graceful shutdown complete
[INFO]2025-08-07 18:25:46,838 - Stopping ProtocolHandler ["http-nio-8080"]
[INFO]2025-08-07 18:25:46,892 - Starting SpringBootSchoolApplication using Java 17.0.7 with PID 26988 (C:\Users\ShiRyant\IdeaProjects\SpringBoot-School\target\classes started by ShiRyant in C:\Users\ShiRyant\IdeaProjects\SpringBoot-School)
[INFO]2025-08-07 18:25:46,892 - No active profile set, falling back to 1 default profile: "default"
[INFO]2025-08-07 18:25:47,020 - Multiple Spring Data modules found, entering strict repository configuration mode
[INFO]2025-08-07 18:25:47,020 - Bootstrapping Spring Data Redis repositories in DEFAULT mode.
[INFO]2025-08-07 18:25:47,029 - Finished Spring Data repository scanning in 7 ms. Found 0 Redis repository interfaces.
[INFO]2025-08-07 18:25:47,086 - Tomcat initialized with port 8080 (http)
[INFO]2025-08-07 18:25:47,086 - Initializing ProtocolHandler ["http-nio-8080"]
[INFO]2025-08-07 18:25:47,086 - Starting service [Tomcat]
[INFO]2025-08-07 18:25:47,086 - Starting Servlet engine: [Apache Tomcat/10.1.43]
[INFO]2025-08-07 18:25:47,112 - Initializing Spring embedded WebApplicationContext
[INFO]2025-08-07 18:25:47,112 - Root WebApplicationContext: initialization completed in 219 ms
[INFO]2025-08-07 18:25:47,395 - Register ApplicationContext instances org.springframework.boot.web.servlet.context.AnnotationConfigServletWebServerApplicationContext@2ccc12de
[INFO]2025-08-07 18:25:47,413 - LiveReload server is running on port 35729
[INFO]2025-08-07 18:25:47,425 - Starting ProtocolHandler ["http-nio-8080"]
[INFO]2025-08-07 18:25:47,432 - Tomcat started on port 8080 (http) with context path '/'
[INFO]2025-08-07 18:25:47,436 - Started SpringBootSchoolApplication in 0.566 seconds (process running for 1085.838)
[INFO]2025-08-07 18:25:47,438 - Condition evaluation unchanged
[INFO]2025-08-07 18:26:10,096 - Commencing graceful shutdown. Waiting for active requests to complete
[INFO]2025-08-07 18:26:10,308 - Graceful shutdown complete
[INFO]2025-08-07 18:26:30,204 - Starting SpringBootSchoolApplication using Java 17.0.7 with PID 6008 (C:\Users\ShiRyant\IdeaProjects\SpringBoot-School\target\classes started by ShiRyant in C:\Users\ShiRyant\IdeaProjects\SpringBoot-School)
[INFO]2025-08-07 18:26:30,206 - No active profile set, falling back to 1 default profile: "default"
[INFO]2025-08-07 18:26:30,237 - Devtools property defaults active! Set 'spring.devtools.add-properties' to 'false' to disable
[INFO]2025-08-07 18:26:30,238 - For additional web related logging consider setting the 'logging.level.web' property to 'DEBUG'
[INFO]2025-08-07 18:26:30,831 - Multiple Spring Data modules found, entering strict repository configuration mode
[INFO]2025-08-07 18:26:30,835 - Bootstrapping Spring Data Redis repositories in DEFAULT mode.
[INFO]2025-08-07 18:26:30,869 - Finished Spring Data repository scanning in 12 ms. Found 0 Redis repository interfaces.
[INFO]2025-08-07 18:26:31,440 - Tomcat initialized with port 8080 (http)
[INFO]2025-08-07 18:26:31,450 - Initializing ProtocolHandler ["http-nio-8080"]
[INFO]2025-08-07 18:26:31,451 - Starting service [Tomcat]
[INFO]2025-08-07 18:26:31,451 - Starting Servlet engine: [Apache Tomcat/10.1.43]
[INFO]2025-08-07 18:26:31,509 - Initializing Spring embedded WebApplicationContext
[INFO]2025-08-07 18:26:31,510 - Root WebApplicationContext: initialization completed in 1272 ms
[INFO]2025-08-07 18:26:32,495 - Register ApplicationContext instances org.springframework.boot.web.servlet.context.AnnotationConfigServletWebServerApplicationContext@24ba7d69
[INFO]2025-08-07 18:26:32,633 - LiveReload server is running on port 35729
[INFO]2025-08-07 18:26:32,658 - Starting ProtocolHandler ["http-nio-8080"]
[INFO]2025-08-07 18:26:32,673 - Tomcat started on port 8080 (http) with context path '/'
[INFO]2025-08-07 18:26:32,687 - Started SpringBootSchoolApplication in 2.895 seconds (process running for 3.381)
[INFO]2025-08-07 18:28:55,627 - Commencing graceful shutdown. Waiting for active requests to complete
[INFO]2025-08-07 18:28:56,087 - Graceful shutdown complete
[INFO]2025-08-07 18:44:53,213 - Starting SpringBootSchoolApplication using Java 17.0.7 with PID 29548 (C:\Users\ShiRyant\IdeaProjects\SpringBoot-School\target\classes started by ShiRyant in C:\Users\ShiRyant\IdeaProjects\SpringBoot-School)
[INFO]2025-08-07 18:44:53,214 - No active profile set, falling back to 1 default profile: "default"
[INFO]2025-08-07 18:44:53,244 - Devtools property defaults active! Set 'spring.devtools.add-properties' to 'false' to disable
[INFO]2025-08-07 18:44:53,244 - For additional web related logging consider setting the 'logging.level.web' property to 'DEBUG'
[INFO]2025-08-07 18:44:53,854 - Multiple Spring Data modules found, entering strict repository configuration mode
[INFO]2025-08-07 18:44:53,856 - Bootstrapping Spring Data Redis repositories in DEFAULT mode.
[INFO]2025-08-07 18:44:53,888 - Finished Spring Data repository scanning in 11 ms. Found 0 Redis repository interfaces.
[INFO]2025-08-07 18:44:54,491 - Tomcat initialized with port 8080 (http)
[INFO]2025-08-07 18:44:54,503 - Initializing ProtocolHandler ["http-nio-8080"]
[INFO]2025-08-07 18:44:54,506 - Starting service [Tomcat]
[INFO]2025-08-07 18:44:54,506 - Starting Servlet engine: [Apache Tomcat/10.1.43]
[INFO]2025-08-07 18:44:54,562 - Initializing Spring embedded WebApplicationContext
[INFO]2025-08-07 18:44:54,563 - Root WebApplicationContext: initialization completed in 1319 ms
[INFO]2025-08-07 18:44:55,547 - Register ApplicationContext instances org.springframework.boot.web.servlet.context.AnnotationConfigServletWebServerApplicationContext@6371d26e
[INFO]2025-08-07 18:44:55,692 - LiveReload server is running on port 35729
[INFO]2025-08-07 18:44:55,712 - Starting ProtocolHandler ["http-nio-8080"]
[INFO]2025-08-07 18:44:55,726 - Tomcat started on port 8080 (http) with context path '/'
[INFO]2025-08-07 18:44:55,738 - Started SpringBootSchoolApplication in 2.925 seconds (process running for 3.51)
[INFO]2025-08-07 18:45:22,537 - Initializing Spring DispatcherServlet 'dispatcherServlet'
[INFO]2025-08-07 18:45:22,537 - Initializing Servlet 'dispatcherServlet'
[INFO]2025-08-07 18:45:22,539 - Completed initialization in 2 ms
[INFO]2025-08-07 18:45:22,677 - HikariPool-1 - Starting...
[INFO]2025-08-07 18:45:23,406 - HikariPool-1 - Added connection com.mysql.cj.jdbc.ConnectionImpl@48a976cf
[INFO]2025-08-07 18:45:23,409 - HikariPool-1 - Start completed.
[WARN]2025-08-07 18:45:23,903 - Resolved [org.springframework.web.servlet.resource.NoResourceFoundException: No static resource favicon.ico.]
[WARN]2025-08-07 18:45:37,838 - Resolved [org.springframework.web.servlet.resource.NoResourceFoundException: No static resource .well-known/appspecific/com.chrome.devtools.json.]
[WARN]2025-08-07 18:45:52,839 - Resolved [org.springframework.web.servlet.resource.NoResourceFoundException: No static resource .well-known/appspecific/com.chrome.devtools.json.]
[WARN]2025-08-07 18:45:53,039 - Resolved [org.springframework.web.servlet.resource.NoResourceFoundException: No static resource favicon.ico.]
[INFO]2025-08-07 18:47:40,426 - Commencing graceful shutdown. Waiting for active requests to complete
[INFO]2025-08-07 18:47:40,932 - Graceful shutdown complete
[INFO]2025-08-07 18:47:40,946 - HikariPool-1 - Shutdown initiated...
[INFO]2025-08-07 18:47:40,960 - HikariPool-1 - Shutdown completed.
[INFO]2025-08-07 18:52:23,680 - Starting SpringBootSchoolApplication using Java 17.0.7 with PID 5840 (C:\Users\ShiRyant\IdeaProjects\SpringBoot-School\target\classes started by ShiRyant in C:\Users\ShiRyant\IdeaProjects\SpringBoot-School)
[INFO]2025-08-07 18:52:23,682 - No active profile set, falling back to 1 default profile: "default"
[INFO]2025-08-07 18:52:23,710 - Devtools property defaults active! Set 'spring.devtools.add-properties' to 'false' to disable
[INFO]2025-08-07 18:52:23,710 - For additional web related logging consider setting the 'logging.level.web' property to 'DEBUG'
[INFO]2025-08-07 18:52:24,264 - Multiple Spring Data modules found, entering strict repository configuration mode
[INFO]2025-08-07 18:52:24,266 - Bootstrapping Spring Data Redis repositories in DEFAULT mode.
[INFO]2025-08-07 18:52:24,296 - Finished Spring Data repository scanning in 11 ms. Found 0 Redis repository interfaces.
[INFO]2025-08-07 18:52:24,830 - Tomcat initialized with port 8080 (http)
[INFO]2025-08-07 18:52:24,839 - Initializing ProtocolHandler ["http-nio-8080"]
[INFO]2025-08-07 18:52:24,840 - Starting service [Tomcat]
[INFO]2025-08-07 18:52:24,840 - Starting Servlet engine: [Apache Tomcat/10.1.43]
[INFO]2025-08-07 18:52:24,891 - Initializing Spring embedded WebApplicationContext
[INFO]2025-08-07 18:52:24,892 - Root WebApplicationContext: initialization completed in 1182 ms
[INFO]2025-08-07 18:52:25,924 - Register ApplicationContext instances org.springframework.boot.web.servlet.context.AnnotationConfigServletWebServerApplicationContext@24ba7d69
[INFO]2025-08-07 18:52:26,073 - LiveReload server is running on port 35729
[INFO]2025-08-07 18:52:26,095 - Starting ProtocolHandler ["http-nio-8080"]
[INFO]2025-08-07 18:52:26,113 - Tomcat started on port 8080 (http) with context path '/'
[INFO]2025-08-07 18:52:26,124 - Started SpringBootSchoolApplication in 2.832 seconds (process running for 3.342)
[INFO]2025-08-07 18:52:40,338 - Initializing Spring DispatcherServlet 'dispatcherServlet'
[INFO]2025-08-07 18:52:40,338 - Initializing Servlet 'dispatcherServlet'
[INFO]2025-08-07 18:52:40,340 - Completed initialization in 2 ms
[WARN]2025-08-07 18:52:41,199 - Resolved [org.springframework.web.servlet.resource.NoResourceFoundException: No static resource favicon.ico.]
[INFO]2025-08-07 18:52:54,295 - HikariPool-1 - Starting...
[INFO]2025-08-07 18:52:54,740 - HikariPool-1 - Added connection com.mysql.cj.jdbc.ConnectionImpl@1dfc0dd5
[INFO]2025-08-07 18:52:54,742 - HikariPool-1 - Start completed.
[WARN]2025-08-07 18:52:54,911 - Resolved [org.springframework.web.servlet.resource.NoResourceFoundException: No static resource favicon.ico.]
[WARN]2025-08-07 18:53:29,966 - Resolved [org.springframework.web.servlet.resource.NoResourceFoundException: No static resource favicon.ico.]
[WARN]2025-08-07 18:53:30,624 - Resolved [org.springframework.web.servlet.resource.NoResourceFoundException: No static resource favicon.ico.]
